<?xml version="1.0" encoding="UTF-8"?>
<!-- Generated by org.testng.reporters.JUnitXMLReporter -->
<testsuite hostname="NaeemSiddiq" ignored="0" name="AlQuran Page" tests="8" failures="2" timestamp="06 Dec 2017 09:06:15 GMT" time="1009.716" errors="0">
  <testcase name="testJuzListsOnAlQuranPage" time="16.192" classname="com.vdif.webautomation.alquran.TestAlQuranPage">
    <skipped/>
  </testcase> <!-- testJuzListsOnAlQuranPage -->
  <testcase name="testJuzListsOnAlQuranPage" time="3.964" classname="com.vdif.webautomation.alquran.TestAlQuranPage">
    <skipped/>
  </testcase> <!-- testJuzListsOnAlQuranPage -->
  <testcase name="testJuzListsOnAlQuranPage" time="3.754" classname="com.vdif.webautomation.alquran.TestAlQuranPage">
    <failure type="java.lang.AssertionError" message="expected [Read Surah Fatiha with Arabic translation by King Fahad Quran Complex] but found [Read Surah Fatiha with Urdu translation by Fateh Muhammad Jalandhry]">
      <![CDATA[java.lang.AssertionError: expected [Read Surah Fatiha with Arabic translation by King Fahad Quran Complex] but found [Read Surah Fatiha with Urdu translation by Fateh Muhammad Jalandhry]
	at com.vdif.webautomation.alquran.AlQuranPageComponent.checkJuzListAlQuranPage(AlQuranPageComponent.java:303)
	at com.vdif.webautomation.alquran.TestAlQuranPage.testJuzListsOnAlQuranPage(TestAlQuranPage.java:56)
... Removed 31 stack frames]]>
    </failure>
  </testcase> <!-- testJuzListsOnAlQuranPage -->
  <testcase name="testSurahListsOnAlQuranPage" time="470.752" classname="com.vdif.webautomation.alquran.TestAlQuranPage"/>
  <testcase name="testTopicsListsOnAlQuranPage" time="5.384" classname="com.vdif.webautomation.alquran.TestAlQuranPage">
    <skipped/>
  </testcase> <!-- testTopicsListsOnAlQuranPage -->
  <testcase name="testTopicsListsOnAlQuranPage" time="3.422" classname="com.vdif.webautomation.alquran.TestAlQuranPage">
    <skipped/>
  </testcase> <!-- testTopicsListsOnAlQuranPage -->
  <testcase name="testTopicsListsOnAlQuranPage" time="4.227" classname="com.vdif.webautomation.alquran.TestAlQuranPage">
    <failure type="java.lang.AssertionError" message="expected [Read Quranic Verses about Aaron (Haroon)] but found [Error 404]">
      <![CDATA[java.lang.AssertionError: expected [Read Quranic Verses about Aaron (Haroon)] but found [Error 404]
	at com.vdif.webautomation.alquran.AlQuranPageComponent.checkTopicsListAlQuranPage(AlQuranPageComponent.java:681)
	at com.vdif.webautomation.alquran.TestAlQuranPage.testTopicsListsOnAlQuranPage(TestAlQuranPage.java:80)
... Removed 31 stack frames]]>
    </failure>
  </testcase> <!-- testTopicsListsOnAlQuranPage -->
  <testcase name="testTranslationsListsOnAlQuranPage" time="496.208" classname="com.vdif.webautomation.alquran.TestAlQuranPage"/>
</testsuite> <!-- AlQuran Page -->
