<html>
<head>
<title>TestNG:  Iqra Page</title>
<link href="../testng.css" rel="stylesheet" type="text/css" />
<link href="../my-testng.css" rel="stylesheet" type="text/css" />

<style type="text/css">
.log { display: none;} 
.stack-trace { display: none;} 
</style>
<script type="text/javascript">
<!--
function flip(e) {
  current = e.style.display;
  if (current == 'block') {
    e.style.display = 'none';
    return 0;
  }
  else {
    e.style.display = 'block';
    return 1;
  }
}

function toggleBox(szDivId, elem, msg1, msg2)
{
  var res = -1;  if (document.getElementById) {
    res = flip(document.getElementById(szDivId));
  }
  else if (document.all) {
    // this is the way old msie versions work
    res = flip(document.all[szDivId]);
  }
  if(elem) {
    if(res == 0) elem.innerHTML = msg1; else elem.innerHTML = msg2;
  }

}

function toggleAllBoxes() {
  if (document.getElementsByTagName) {
    d = document.getElementsByTagName('div');
    for (i = 0; i < d.length; i++) {
      if (d[i].className == 'log') {
        flip(d[i]);
      }
    }
  }
}

// -->
</script>

</head>
<body>
<h2 align='center'>Iqra Page</h2><table border='1' align="center">
<tr>
<td>Tests passed/Failed/Skipped:</td><td>7/0/5</td>
</tr><tr>
<td>Started on:</td><td>Wed Dec 06 12:29:00 PKT 2017</td>
</tr>
<tr><td>Total time:</td><td>1776 seconds (1776013 ms)</td>
</tr><tr>
<td>Included groups:</td><td></td>
</tr><tr>
<td>Excluded groups:</td><td></td>
</tr>
</table><p/>
<small><i>(Hover the method name to see the test class name)</i></small><p/>
<table width='100%' border='1' class='invocation-passed'>
<tr><td colspan='4' align='center'><b>PASSED TESTS</b></td></tr>
<tr><td><b>Test method</b></td>
<td width="30%"><b>Exception</b></td>
<td width="10%"><b>Time (seconds)</b></td>
<td><b>Instance</b></td>
</tr>
<tr>
<td title='com.vdif.webautomation.iqra.TestIqraTheBlogPage.testHalalComicsTabOnIqraTheBlogPage()'><b>testHalalComicsTabOnIqraTheBlogPage</b><br>Test class: com.vdif.webautomation.iqra.TestIqraTheBlogPage</td>
<td></td>
<td>310</td>
<td>com.vdif.webautomation.iqra.TestIqraTheBlogPage@5f341870</td></tr>
<tr>
<td title='com.vdif.webautomation.iqra.TestIqraTheBlogPage.testKnowledgeTabOnIqraTheBlogPage()'><b>testKnowledgeTabOnIqraTheBlogPage</b><br>Test class: com.vdif.webautomation.iqra.TestIqraTheBlogPage</td>
<td></td>
<td>253</td>
<td>com.vdif.webautomation.iqra.TestIqraTheBlogPage@5f341870</td></tr>
<tr>
<td title='com.vdif.webautomation.iqra.TestIqraTheBlogPage.testLifestyleTabOnIqraTheBlogPage()'><b>testLifestyleTabOnIqraTheBlogPage</b><br>Test class: com.vdif.webautomation.iqra.TestIqraTheBlogPage</td>
<td></td>
<td>164</td>
<td>com.vdif.webautomation.iqra.TestIqraTheBlogPage@5f341870</td></tr>
<tr>
<td title='com.vdif.webautomation.iqra.TestIqraTheBlogPage.testMoreCurrentAffairsTabOnIqraTheBlogPage()'><b>testMoreCurrentAffairsTabOnIqraTheBlogPage</b><br>Test class: com.vdif.webautomation.iqra.TestIqraTheBlogPage</td>
<td></td>
<td>104</td>
<td>com.vdif.webautomation.iqra.TestIqraTheBlogPage@5f341870</td></tr>
<tr>
<td title='com.vdif.webautomation.iqra.TestIqraTheBlogPage.testSearchFieldOnIqraTheBlogPage()'><b>testSearchFieldOnIqraTheBlogPage</b><br>Test class: com.vdif.webautomation.iqra.TestIqraTheBlogPage</td>
<td></td>
<td>199</td>
<td>com.vdif.webautomation.iqra.TestIqraTheBlogPage@5f341870</td></tr>
<tr>
<td title='com.vdif.webautomation.iqra.TestIqraTheBlogPage.testSpiritualityTabOnIqraTheBlogPage()'><b>testSpiritualityTabOnIqraTheBlogPage</b><br>Test class: com.vdif.webautomation.iqra.TestIqraTheBlogPage</td>
<td></td>
<td>227</td>
<td>com.vdif.webautomation.iqra.TestIqraTheBlogPage@5f341870</td></tr>
<tr>
<td title='com.vdif.webautomation.iqra.TestIqraTheBlogPage.testUpdatesAndFeaturesTabOnIqraTheBlogPage()'><b>testUpdatesAndFeaturesTabOnIqraTheBlogPage</b><br>Test class: com.vdif.webautomation.iqra.TestIqraTheBlogPage</td>
<td></td>
<td>108</td>
<td>com.vdif.webautomation.iqra.TestIqraTheBlogPage@5f341870</td></tr>
</table><p>
<table width='100%' border='1' class='invocation-skipped'>
<tr><td colspan='4' align='center'><b>SKIPPED TESTS</b></td></tr>
<tr><td><b>Test method</b></td>
<td width="30%"><b>Exception</b></td>
<td width="10%"><b>Time (seconds)</b></td>
<td><b>Instance</b></td>
</tr>
<tr>
<td title='com.vdif.webautomation.iqra.TestIqraTheBlogPage.testLifestyleTabOnIqraTheBlogPage()'><b>testLifestyleTabOnIqraTheBlogPage</b><br>Test class: com.vdif.webautomation.iqra.TestIqraTheBlogPage</td>
<td><div><pre>java.lang.AssertionError: expected [HALAL-BUSINESS-OPPORTUNITIES] but found []
	at com.vdif.webautomation.AbstractComponent.checkAssert(AbstractComponent.java:69)
	at com.vdif.webautomation.iqra.IqraTheBlogComponent.checkList(IqraTheBlogComponent.java:130)
	at com.vdif.webautomation.iqra.IqraTheBlogComponent.checkListOfArticleTags(IqraTheBlogComponent.java:109)
	at com.vdif.webautomation.iqra.TestIqraTheBlogPage.testLifestyleTabOnIqraTheBlogPage(TestIqraTheBlogPage.java:156)
... Removed 31 stack frames</pre></div><a href='#' onClick='toggleBox("stack-trace664091267", this, "Click to show all stack frames", "Click to hide stack frames")'>Click to show all stack frames</a>
<div class='stack-trace' id='stack-trace664091267'><pre>java.lang.AssertionError: expected [HALAL-BUSINESS-OPPORTUNITIES] but found []
	at org.testng.Assert.fail(Assert.java:93)
	at org.testng.Assert.failNotEquals(Assert.java:512)
	at org.testng.Assert.assertEqualsImpl(Assert.java:134)
	at org.testng.Assert.assertEquals(Assert.java:115)
	at org.testng.Assert.assertEquals(Assert.java:189)
	at org.testng.Assert.assertEquals(Assert.java:199)
	at com.vdif.webautomation.AbstractComponent.checkAssert(AbstractComponent.java:69)
	at com.vdif.webautomation.iqra.IqraTheBlogComponent.checkList(IqraTheBlogComponent.java:130)
	at com.vdif.webautomation.iqra.IqraTheBlogComponent.checkListOfArticleTags(IqraTheBlogComponent.java:109)
	at com.vdif.webautomation.iqra.TestIqraTheBlogPage.testLifestyleTabOnIqraTheBlogPage(TestIqraTheBlogPage.java:156)
	at sun.reflect.NativeMethodAccessorImpl.invoke0(Native Method)
	at sun.reflect.NativeMethodAccessorImpl.invoke(Unknown Source)
	at sun.reflect.DelegatingMethodAccessorImpl.invoke(Unknown Source)
	at java.lang.reflect.Method.invoke(Unknown Source)
	at org.testng.internal.MethodInvocationHelper.invokeMethod(MethodInvocationHelper.java:108)
	at org.testng.internal.Invoker.invokeMethod(Invoker.java:669)
	at org.testng.internal.Invoker.invokeTestMethod(Invoker.java:877)
	at org.testng.internal.Invoker.invokeTestMethods(Invoker.java:1201)
	at org.testng.internal.TestMethodWorker.invokeTestMethods(TestMethodWorker.java:125)
	at org.testng.internal.TestMethodWorker.run(TestMethodWorker.java:109)
	at org.testng.TestRunner.privateRun(TestRunner.java:776)
	at org.testng.TestRunner.run(TestRunner.java:634)
	at org.testng.SuiteRunner.runTest(SuiteRunner.java:425)
	at org.testng.SuiteRunner.runSequentially(SuiteRunner.java:420)
	at org.testng.SuiteRunner.privateRun(SuiteRunner.java:385)
	at org.testng.SuiteRunner.run(SuiteRunner.java:334)
	at org.testng.SuiteRunnerWorker.runSuite(SuiteRunnerWorker.java:52)
	at org.testng.SuiteRunnerWorker.run(SuiteRunnerWorker.java:86)
	at org.testng.TestNG.runSuitesSequentially(TestNG.java:1318)
	at org.testng.TestNG.runSuitesLocally(TestNG.java:1243)
	at org.testng.TestNG.runSuites(TestNG.java:1161)
	at org.testng.TestNG.run(TestNG.java:1129)
	at org.testng.remote.AbstractRemoteTestNG.run(AbstractRemoteTestNG.java:114)
	at org.testng.remote.RemoteTestNG.initAndRun(RemoteTestNG.java:251)
	at org.testng.remote.RemoteTestNG.main(RemoteTestNG.java:77)
</pre></div></td>
<td>84</td>
<td>com.vdif.webautomation.iqra.TestIqraTheBlogPage@5f341870</td></tr>
<tr>
<td title='com.vdif.webautomation.iqra.TestIqraTheBlogPage.testLifestyleTabOnIqraTheBlogPage()'><b>testLifestyleTabOnIqraTheBlogPage</b><br>Test class: com.vdif.webautomation.iqra.TestIqraTheBlogPage</td>
<td><div><pre>java.lang.AssertionError: expected [IQRA] but found []
	at com.vdif.webautomation.AbstractComponent.checkAssert(AbstractComponent.java:69)
	at com.vdif.webautomation.iqra.TestIqraTheBlogPage.testLifestyleTabOnIqraTheBlogPage(TestIqraTheBlogPage.java:136)
... Removed 31 stack frames</pre></div><a href='#' onClick='toggleBox("stack-trace24039137", this, "Click to show all stack frames", "Click to hide stack frames")'>Click to show all stack frames</a>
<div class='stack-trace' id='stack-trace24039137'><pre>java.lang.AssertionError: expected [IQRA] but found []
	at org.testng.Assert.fail(Assert.java:93)
	at org.testng.Assert.failNotEquals(Assert.java:512)
	at org.testng.Assert.assertEqualsImpl(Assert.java:134)
	at org.testng.Assert.assertEquals(Assert.java:115)
	at org.testng.Assert.assertEquals(Assert.java:189)
	at org.testng.Assert.assertEquals(Assert.java:199)
	at com.vdif.webautomation.AbstractComponent.checkAssert(AbstractComponent.java:69)
	at com.vdif.webautomation.iqra.TestIqraTheBlogPage.testLifestyleTabOnIqraTheBlogPage(TestIqraTheBlogPage.java:136)
	at sun.reflect.NativeMethodAccessorImpl.invoke0(Native Method)
	at sun.reflect.NativeMethodAccessorImpl.invoke(Unknown Source)
	at sun.reflect.DelegatingMethodAccessorImpl.invoke(Unknown Source)
	at java.lang.reflect.Method.invoke(Unknown Source)
	at org.testng.internal.MethodInvocationHelper.invokeMethod(MethodInvocationHelper.java:108)
	at org.testng.internal.Invoker.invokeMethod(Invoker.java:669)
	at org.testng.internal.Invoker.retryFailed(Invoker.java:1022)
	at org.testng.internal.Invoker.invokeTestMethods(Invoker.java:1223)
	at org.testng.internal.TestMethodWorker.invokeTestMethods(TestMethodWorker.java:125)
	at org.testng.internal.TestMethodWorker.run(TestMethodWorker.java:109)
	at org.testng.TestRunner.privateRun(TestRunner.java:776)
	at org.testng.TestRunner.run(TestRunner.java:634)
	at org.testng.SuiteRunner.runTest(SuiteRunner.java:425)
	at org.testng.SuiteRunner.runSequentially(SuiteRunner.java:420)
	at org.testng.SuiteRunner.privateRun(SuiteRunner.java:385)
	at org.testng.SuiteRunner.run(SuiteRunner.java:334)
	at org.testng.SuiteRunnerWorker.runSuite(SuiteRunnerWorker.java:52)
	at org.testng.SuiteRunnerWorker.run(SuiteRunnerWorker.java:86)
	at org.testng.TestNG.runSuitesSequentially(TestNG.java:1318)
	at org.testng.TestNG.runSuitesLocally(TestNG.java:1243)
	at org.testng.TestNG.runSuites(TestNG.java:1161)
	at org.testng.TestNG.run(TestNG.java:1129)
	at org.testng.remote.AbstractRemoteTestNG.run(AbstractRemoteTestNG.java:114)
	at org.testng.remote.RemoteTestNG.initAndRun(RemoteTestNG.java:251)
	at org.testng.remote.RemoteTestNG.main(RemoteTestNG.java:77)
</pre></div></td>
<td>7</td>
<td>com.vdif.webautomation.iqra.TestIqraTheBlogPage@5f341870</td></tr>
<tr>
<td title='com.vdif.webautomation.iqra.TestIqraTheBlogPage.testMoreCurrentAffairsTabOnIqraTheBlogPage()'><b>testMoreCurrentAffairsTabOnIqraTheBlogPage</b><br>Test class: com.vdif.webautomation.iqra.TestIqraTheBlogPage</td>
<td><div><pre>java.lang.AssertionError: expected [QURAN] but found []
	at com.vdif.webautomation.AbstractComponent.checkAssert(AbstractComponent.java:69)
	at com.vdif.webautomation.iqra.IqraTheBlogComponent.checkList(IqraTheBlogComponent.java:130)
	at com.vdif.webautomation.iqra.IqraTheBlogComponent.checkListOfArticleTags(IqraTheBlogComponent.java:109)
	at com.vdif.webautomation.iqra.TestIqraTheBlogPage.testMoreCurrentAffairsTabOnIqraTheBlogPage(TestIqraTheBlogPage.java:279)
... Removed 31 stack frames</pre></div><a href='#' onClick='toggleBox("stack-trace1530957251", this, "Click to show all stack frames", "Click to hide stack frames")'>Click to show all stack frames</a>
<div class='stack-trace' id='stack-trace1530957251'><pre>java.lang.AssertionError: expected [QURAN] but found []
	at org.testng.Assert.fail(Assert.java:93)
	at org.testng.Assert.failNotEquals(Assert.java:512)
	at org.testng.Assert.assertEqualsImpl(Assert.java:134)
	at org.testng.Assert.assertEquals(Assert.java:115)
	at org.testng.Assert.assertEquals(Assert.java:189)
	at org.testng.Assert.assertEquals(Assert.java:199)
	at com.vdif.webautomation.AbstractComponent.checkAssert(AbstractComponent.java:69)
	at com.vdif.webautomation.iqra.IqraTheBlogComponent.checkList(IqraTheBlogComponent.java:130)
	at com.vdif.webautomation.iqra.IqraTheBlogComponent.checkListOfArticleTags(IqraTheBlogComponent.java:109)
	at com.vdif.webautomation.iqra.TestIqraTheBlogPage.testMoreCurrentAffairsTabOnIqraTheBlogPage(TestIqraTheBlogPage.java:279)
	at sun.reflect.NativeMethodAccessorImpl.invoke0(Native Method)
	at sun.reflect.NativeMethodAccessorImpl.invoke(Unknown Source)
	at sun.reflect.DelegatingMethodAccessorImpl.invoke(Unknown Source)
	at java.lang.reflect.Method.invoke(Unknown Source)
	at org.testng.internal.MethodInvocationHelper.invokeMethod(MethodInvocationHelper.java:108)
	at org.testng.internal.Invoker.invokeMethod(Invoker.java:669)
	at org.testng.internal.Invoker.invokeTestMethod(Invoker.java:877)
	at org.testng.internal.Invoker.invokeTestMethods(Invoker.java:1201)
	at org.testng.internal.TestMethodWorker.invokeTestMethods(TestMethodWorker.java:125)
	at org.testng.internal.TestMethodWorker.run(TestMethodWorker.java:109)
	at org.testng.TestRunner.privateRun(TestRunner.java:776)
	at org.testng.TestRunner.run(TestRunner.java:634)
	at org.testng.SuiteRunner.runTest(SuiteRunner.java:425)
	at org.testng.SuiteRunner.runSequentially(SuiteRunner.java:420)
	at org.testng.SuiteRunner.privateRun(SuiteRunner.java:385)
	at org.testng.SuiteRunner.run(SuiteRunner.java:334)
	at org.testng.SuiteRunnerWorker.runSuite(SuiteRunnerWorker.java:52)
	at org.testng.SuiteRunnerWorker.run(SuiteRunnerWorker.java:86)
	at org.testng.TestNG.runSuitesSequentially(TestNG.java:1318)
	at org.testng.TestNG.runSuitesLocally(TestNG.java:1243)
	at org.testng.TestNG.runSuites(TestNG.java:1161)
	at org.testng.TestNG.run(TestNG.java:1129)
	at org.testng.remote.AbstractRemoteTestNG.run(AbstractRemoteTestNG.java:114)
	at org.testng.remote.RemoteTestNG.initAndRun(RemoteTestNG.java:251)
	at org.testng.remote.RemoteTestNG.main(RemoteTestNG.java:77)
</pre></div></td>
<td>50</td>
<td>com.vdif.webautomation.iqra.TestIqraTheBlogPage@5f341870</td></tr>
<tr>
<td title='com.vdif.webautomation.iqra.TestIqraTheBlogPage.testSpiritualityTabOnIqraTheBlogPage()'><b>testSpiritualityTabOnIqraTheBlogPage</b><br>Test class: com.vdif.webautomation.iqra.TestIqraTheBlogPage</td>
<td><div><pre>java.lang.AssertionError: expected [QURAN] but found []
	at com.vdif.webautomation.AbstractComponent.checkAssert(AbstractComponent.java:69)
	at com.vdif.webautomation.iqra.IqraTheBlogComponent.checkList(IqraTheBlogComponent.java:130)
	at com.vdif.webautomation.iqra.IqraTheBlogComponent.checkListOfArticleTags(IqraTheBlogComponent.java:109)
	at com.vdif.webautomation.iqra.TestIqraTheBlogPage.testSpiritualityTabOnIqraTheBlogPage(TestIqraTheBlogPage.java:244)
... Removed 31 stack frames</pre></div><a href='#' onClick='toggleBox("stack-trace99808631", this, "Click to show all stack frames", "Click to hide stack frames")'>Click to show all stack frames</a>
<div class='stack-trace' id='stack-trace99808631'><pre>java.lang.AssertionError: expected [QURAN] but found []
	at org.testng.Assert.fail(Assert.java:93)
	at org.testng.Assert.failNotEquals(Assert.java:512)
	at org.testng.Assert.assertEqualsImpl(Assert.java:134)
	at org.testng.Assert.assertEquals(Assert.java:115)
	at org.testng.Assert.assertEquals(Assert.java:189)
	at org.testng.Assert.assertEquals(Assert.java:199)
	at com.vdif.webautomation.AbstractComponent.checkAssert(AbstractComponent.java:69)
	at com.vdif.webautomation.iqra.IqraTheBlogComponent.checkList(IqraTheBlogComponent.java:130)
	at com.vdif.webautomation.iqra.IqraTheBlogComponent.checkListOfArticleTags(IqraTheBlogComponent.java:109)
	at com.vdif.webautomation.iqra.TestIqraTheBlogPage.testSpiritualityTabOnIqraTheBlogPage(TestIqraTheBlogPage.java:244)
	at sun.reflect.NativeMethodAccessorImpl.invoke0(Native Method)
	at sun.reflect.NativeMethodAccessorImpl.invoke(Unknown Source)
	at sun.reflect.DelegatingMethodAccessorImpl.invoke(Unknown Source)
	at java.lang.reflect.Method.invoke(Unknown Source)
	at org.testng.internal.MethodInvocationHelper.invokeMethod(MethodInvocationHelper.java:108)
	at org.testng.internal.Invoker.invokeMethod(Invoker.java:669)
	at org.testng.internal.Invoker.invokeTestMethod(Invoker.java:877)
	at org.testng.internal.Invoker.invokeTestMethods(Invoker.java:1201)
	at org.testng.internal.TestMethodWorker.invokeTestMethods(TestMethodWorker.java:125)
	at org.testng.internal.TestMethodWorker.run(TestMethodWorker.java:109)
	at org.testng.TestRunner.privateRun(TestRunner.java:776)
	at org.testng.TestRunner.run(TestRunner.java:634)
	at org.testng.SuiteRunner.runTest(SuiteRunner.java:425)
	at org.testng.SuiteRunner.runSequentially(SuiteRunner.java:420)
	at org.testng.SuiteRunner.privateRun(SuiteRunner.java:385)
	at org.testng.SuiteRunner.run(SuiteRunner.java:334)
	at org.testng.SuiteRunnerWorker.runSuite(SuiteRunnerWorker.java:52)
	at org.testng.SuiteRunnerWorker.run(SuiteRunnerWorker.java:86)
	at org.testng.TestNG.runSuitesSequentially(TestNG.java:1318)
	at org.testng.TestNG.runSuitesLocally(TestNG.java:1243)
	at org.testng.TestNG.runSuites(TestNG.java:1161)
	at org.testng.TestNG.run(TestNG.java:1129)
	at org.testng.remote.AbstractRemoteTestNG.run(AbstractRemoteTestNG.java:114)
	at org.testng.remote.RemoteTestNG.initAndRun(RemoteTestNG.java:251)
	at org.testng.remote.RemoteTestNG.main(RemoteTestNG.java:77)
</pre></div></td>
<td>51</td>
<td>com.vdif.webautomation.iqra.TestIqraTheBlogPage@5f341870</td></tr>
<tr>
<td title='com.vdif.webautomation.iqra.TestIqraTheBlogPage.testUpdatesAndFeaturesTabOnIqraTheBlogPage()'><b>testUpdatesAndFeaturesTabOnIqraTheBlogPage</b><br>Test class: com.vdif.webautomation.iqra.TestIqraTheBlogPage</td>
<td><div><pre>java.lang.AssertionError: expected [] but found [Islamic Calendar]
	at com.vdif.webautomation.AbstractComponent.checkAssert(AbstractComponent.java:69)
	at com.vdif.webautomation.iqra.IqraTheBlogComponent.checkList(IqraTheBlogComponent.java:123)
	at com.vdif.webautomation.iqra.IqraTheBlogComponent.checkListOfArticleTags(IqraTheBlogComponent.java:109)
	at com.vdif.webautomation.iqra.TestIqraTheBlogPage.testUpdatesAndFeaturesTabOnIqraTheBlogPage(TestIqraTheBlogPage.java:114)
... Removed 31 stack frames</pre></div><a href='#' onClick='toggleBox("stack-trace650013863", this, "Click to show all stack frames", "Click to hide stack frames")'>Click to show all stack frames</a>
<div class='stack-trace' id='stack-trace650013863'><pre>java.lang.AssertionError: expected [] but found [Islamic Calendar]
	at org.testng.Assert.fail(Assert.java:93)
	at org.testng.Assert.failNotEquals(Assert.java:512)
	at org.testng.Assert.assertEqualsImpl(Assert.java:134)
	at org.testng.Assert.assertEquals(Assert.java:115)
	at org.testng.Assert.assertEquals(Assert.java:189)
	at org.testng.Assert.assertEquals(Assert.java:199)
	at com.vdif.webautomation.AbstractComponent.checkAssert(AbstractComponent.java:69)
	at com.vdif.webautomation.iqra.IqraTheBlogComponent.checkList(IqraTheBlogComponent.java:123)
	at com.vdif.webautomation.iqra.IqraTheBlogComponent.checkListOfArticleTags(IqraTheBlogComponent.java:109)
	at com.vdif.webautomation.iqra.TestIqraTheBlogPage.testUpdatesAndFeaturesTabOnIqraTheBlogPage(TestIqraTheBlogPage.java:114)
	at sun.reflect.NativeMethodAccessorImpl.invoke0(Native Method)
	at sun.reflect.NativeMethodAccessorImpl.invoke(Unknown Source)
	at sun.reflect.DelegatingMethodAccessorImpl.invoke(Unknown Source)
	at java.lang.reflect.Method.invoke(Unknown Source)
	at org.testng.internal.MethodInvocationHelper.invokeMethod(MethodInvocationHelper.java:108)
	at org.testng.internal.Invoker.invokeMethod(Invoker.java:669)
	at org.testng.internal.Invoker.invokeTestMethod(Invoker.java:877)
	at org.testng.internal.Invoker.invokeTestMethods(Invoker.java:1201)
	at org.testng.internal.TestMethodWorker.invokeTestMethods(TestMethodWorker.java:125)
	at org.testng.internal.TestMethodWorker.run(TestMethodWorker.java:109)
	at org.testng.TestRunner.privateRun(TestRunner.java:776)
	at org.testng.TestRunner.run(TestRunner.java:634)
	at org.testng.SuiteRunner.runTest(SuiteRunner.java:425)
	at org.testng.SuiteRunner.runSequentially(SuiteRunner.java:420)
	at org.testng.SuiteRunner.privateRun(SuiteRunner.java:385)
	at org.testng.SuiteRunner.run(SuiteRunner.java:334)
	at org.testng.SuiteRunnerWorker.runSuite(SuiteRunnerWorker.java:52)
	at org.testng.SuiteRunnerWorker.run(SuiteRunnerWorker.java:86)
	at org.testng.TestNG.runSuitesSequentially(TestNG.java:1318)
	at org.testng.TestNG.runSuitesLocally(TestNG.java:1243)
	at org.testng.TestNG.runSuites(TestNG.java:1161)
	at org.testng.TestNG.run(TestNG.java:1129)
	at org.testng.remote.AbstractRemoteTestNG.run(AbstractRemoteTestNG.java:114)
	at org.testng.remote.RemoteTestNG.initAndRun(RemoteTestNG.java:251)
	at org.testng.remote.RemoteTestNG.main(RemoteTestNG.java:77)
</pre></div></td>
<td>208</td>
<td>com.vdif.webautomation.iqra.TestIqraTheBlogPage@5f341870</td></tr>
</table><p>
</body>
</html>