<?xml version="1.0" encoding="UTF-8"?>
<!-- Generated by org.testng.reporters.JUnitXMLReporter -->
<testsuite hostname="NaeemSiddiq" ignored="0" name="Prayers Times Page" tests="15" failures="2" timestamp="06 Dec 2017 08:19:00 GMT" time="468.914" errors="0">
  <testcase name="testArticlesOnIqraCardOnPrayerTimesPage" time="85.096" classname="com.vdif.webautomation.prayertimes.TestPrayersTimesPage"/>
  <testcase name="testDuaOfTheDayCardOnPrayerTimesPage" time="45.92" classname="com.vdif.webautomation.prayertimes.TestPrayersTimesPage"/>
  <testcase name="testIslamicGalleryCardOnPrayerTimesPage" time="36.04" classname="com.vdif.webautomation.prayertimes.TestPrayersTimesPage"/>
  <testcase name="testMosquesInThisCityCardOnPrayerTimesPage" time="23.168" classname="com.vdif.webautomation.prayertimes.TestPrayersTimesPage"/>
  <testcase name="testPopularSurahAndVersesCardOnPrayerTimesPage" time="47.951" classname="com.vdif.webautomation.prayertimes.TestPrayersTimesPage"/>
  <testcase name="testPrayerTimeLahoreCardOnPrayerTimesPage" time="92.278" classname="com.vdif.webautomation.prayertimes.TestPrayersTimesPage"/>
  <testcase name="testPrayerTimesCardOnPayerTimesPage" time="22.974" classname="com.vdif.webautomation.prayertimes.TestPrayersTimesPage"/>
  <testcase name="testPrayerTimesInOtherCitiesCardOnPrayerTimesPage" time="29.159" classname="com.vdif.webautomation.prayertimes.TestPrayersTimesPage"/>
  <testcase name="testSeeYourMonthlyPrayerbookCardOnPrayerTimesPage" time="31.829" classname="com.vdif.webautomation.prayertimes.TestPrayersTimesPage"/>
  <testcase name="testVerseOfTheDayCardOnPrayerTimesPage" time="38.076" classname="com.vdif.webautomation.prayertimes.TestPrayersTimesPage">
    <skipped/>
  </testcase> <!-- testVerseOfTheDayCardOnPrayerTimesPage -->
  <testcase name="testVerseOfTheDayCardOnPrayerTimesPage" time="2.389" classname="com.vdif.webautomation.prayertimes.TestPrayersTimesPage">
    <skipped/>
  </testcase> <!-- testVerseOfTheDayCardOnPrayerTimesPage -->
  <testcase name="testVerseOfTheDayCardOnPrayerTimesPage" time="3.587" classname="com.vdif.webautomation.prayertimes.TestPrayersTimesPage">
    <failure type="org.openqa.selenium.WebDriverException" message="unknown error: Element &amp;lt;a class=&amp;quot;search-result-item city&amp;quot; href=&amp;quot;/my-location/1172451/&amp;quot;&amp;gt;...&amp;lt;/a&amp;gt; is not clickable at point (459, 80). Other element would receive the click: &amp;lt;div id=&amp;quot;at-expanded-menu-hd&amp;quot; class=&amp;quot;at-expanded-menu-hd&amp;quot; data-reactid=&amp;quot;.0.2.0&amp;quot;&amp;gt;...&amp;lt;/div&amp;gt;
  (Session info: chrome=62.0.3202.94)
  (Driver info: chromedriver=2.33.506120 (e3e53437346286c0bc2d2dc9aa4915ba81d9023f),platform=Windows NT 10.0.16299 x86_64) (WARNING: The server did not provide any stacktrace information)
Command duration or timeout: 70 milliseconds
Build info: version: &amp;apos;2.43.1&amp;apos;, revision: &amp;apos;5163bceef1bc36d43f3dc0b83c88998168a363a0&amp;apos;, time: &amp;apos;2014-09-10 09:43:55&amp;apos;
System info: host: &amp;apos;NaeemSiddiq&amp;apos;, ip: &amp;apos;192.168.10.200&amp;apos;, os.name: &amp;apos;Windows 10&amp;apos;, os.arch: &amp;apos;amd64&amp;apos;, os.version: &amp;apos;10.0&amp;apos;, java.version: &amp;apos;1.8.0_144&amp;apos;
Driver info: org.openqa.selenium.chrome.ChromeDriver
Capabilities [{applicationCacheEnabled=false, rotatable=false, mobileEmulationEnabled=false, networkConnectionEnabled=false, chrome={chromedriverVersion=2.33.506120 (e3e53437346286c0bc2d2dc9aa4915ba81d9023f), userDataDir=C:\Users\Sakhi\AppData\Local\Temp\scoped_dir8516_27834}, takesHeapSnapshot=true, pageLoadStrategy=normal, databaseEnabled=false, handlesAlerts=true, hasTouchScreen=false, version=62.0.3202.94, platform=XP, browserConnectionEnabled=false, nativeEvents=true, acceptSslCerts=true, locationContextEnabled=true, webStorageEnabled=true, browserName=chrome, takesScreenshot=true, javascriptEnabled=true, cssSelectorsEnabled=true, setWindowRect=true, unexpectedAlertBehaviour=}]
Session ID: 0cf4a73216b696ec55097d0d80db6de4">
      <![CDATA[org.openqa.selenium.WebDriverException: unknown error: Element <a class="search-result-item city" href="/my-location/1172451/">...</a> is not clickable at point (459, 80). Other element would receive the click: <div id="at-expanded-menu-hd" class="at-expanded-menu-hd" data-reactid=".0.2.0">...</div>
  (Session info: chrome=62.0.3202.94)
  (Driver info: chromedriver=2.33.506120 (e3e53437346286c0bc2d2dc9aa4915ba81d9023f),platform=Windows NT 10.0.16299 x86_64) (WARNING: The server did not provide any stacktrace information)
Command duration or timeout: 70 milliseconds
Build info: version: '2.43.1', revision: '5163bceef1bc36d43f3dc0b83c88998168a363a0', time: '2014-09-10 09:43:55'
System info: host: 'NaeemSiddiq', ip: '192.168.10.200', os.name: 'Windows 10', os.arch: 'amd64', os.version: '10.0', java.version: '1.8.0_144'
Driver info: org.openqa.selenium.chrome.ChromeDriver
Capabilities [{applicationCacheEnabled=false, rotatable=false, mobileEmulationEnabled=false, networkConnectionEnabled=false, chrome={chromedriverVersion=2.33.506120 (e3e53437346286c0bc2d2dc9aa4915ba81d9023f), userDataDir=C:\Users\Sakhi\AppData\Local\Temp\scoped_dir8516_27834}, takesHeapSnapshot=true, pageLoadStrategy=normal, databaseEnabled=false, handlesAlerts=true, hasTouchScreen=false, version=62.0.3202.94, platform=XP, browserConnectionEnabled=false, nativeEvents=true, acceptSslCerts=true, locationContextEnabled=true, webStorageEnabled=true, browserName=chrome, takesScreenshot=true, javascriptEnabled=true, cssSelectorsEnabled=true, setWindowRect=true, unexpectedAlertBehaviour=}]
Session ID: 0cf4a73216b696ec55097d0d80db6de4
	at org.openqa.selenium.remote.ErrorHandler.createThrowable(ErrorHandler.java:204)
	at org.openqa.selenium.remote.ErrorHandler.throwIfResponseFailed(ErrorHandler.java:156)
	at org.openqa.selenium.remote.RemoteWebDriver.execute(RemoteWebDriver.java:599)
	at org.openqa.selenium.remote.RemoteWebElement.execute(RemoteWebElement.java:268)
	at org.openqa.selenium.remote.RemoteWebElement.click(RemoteWebElement.java:79)
	at com.vdif.webautomation.homepage.HomePageComponent.searchTopNavBar(HomePageComponent.java:41)
	at com.vdif.webautomation.prayertimes.TestPrayersTimesPage.testVerseOfTheDayCardOnPrayerTimesPage(TestPrayersTimesPage.java:80)
... Removed 29 stack frames]]>
    </failure>
  </testcase> <!-- testVerseOfTheDayCardOnPrayerTimesPage -->
  <testcase name="testWeeklyMonthlyYearlyCardOnPrayerTimesPage" time="1.203" classname="com.vdif.webautomation.prayertimes.TestPrayersTimesPage">
    <skipped/>
  </testcase> <!-- testWeeklyMonthlyYearlyCardOnPrayerTimesPage -->
  <testcase name="testWeeklyMonthlyYearlyCardOnPrayerTimesPage" time="1.511" classname="com.vdif.webautomation.prayertimes.TestPrayersTimesPage">
    <skipped/>
  </testcase> <!-- testWeeklyMonthlyYearlyCardOnPrayerTimesPage -->
  <testcase name="testWeeklyMonthlyYearlyCardOnPrayerTimesPage" time="1.326" classname="com.vdif.webautomation.prayertimes.TestPrayersTimesPage">
    <failure type="org.openqa.selenium.WebDriverException" message="unknown error: Element &amp;lt;a class=&amp;quot;search-result-item city&amp;quot; href=&amp;quot;/my-location/1172451/&amp;quot;&amp;gt;...&amp;lt;/a&amp;gt; is not clickable at point (459, 80). Other element would receive the click: &amp;lt;div id=&amp;quot;at-expanded-menu-hd&amp;quot; class=&amp;quot;at-expanded-menu-hd&amp;quot; data-reactid=&amp;quot;.0.2.0&amp;quot;&amp;gt;...&amp;lt;/div&amp;gt;
  (Session info: chrome=62.0.3202.94)
  (Driver info: chromedriver=2.33.506120 (e3e53437346286c0bc2d2dc9aa4915ba81d9023f),platform=Windows NT 10.0.16299 x86_64) (WARNING: The server did not provide any stacktrace information)
Command duration or timeout: 51 milliseconds
Build info: version: &amp;apos;2.43.1&amp;apos;, revision: &amp;apos;5163bceef1bc36d43f3dc0b83c88998168a363a0&amp;apos;, time: &amp;apos;2014-09-10 09:43:55&amp;apos;
System info: host: &amp;apos;NaeemSiddiq&amp;apos;, ip: &amp;apos;192.168.10.200&amp;apos;, os.name: &amp;apos;Windows 10&amp;apos;, os.arch: &amp;apos;amd64&amp;apos;, os.version: &amp;apos;10.0&amp;apos;, java.version: &amp;apos;1.8.0_144&amp;apos;
Driver info: org.openqa.selenium.chrome.ChromeDriver
Capabilities [{applicationCacheEnabled=false, rotatable=false, mobileEmulationEnabled=false, networkConnectionEnabled=false, chrome={chromedriverVersion=2.33.506120 (e3e53437346286c0bc2d2dc9aa4915ba81d9023f), userDataDir=C:\Users\Sakhi\AppData\Local\Temp\scoped_dir8516_27834}, takesHeapSnapshot=true, pageLoadStrategy=normal, databaseEnabled=false, handlesAlerts=true, hasTouchScreen=false, version=62.0.3202.94, platform=XP, browserConnectionEnabled=false, nativeEvents=true, acceptSslCerts=true, locationContextEnabled=true, webStorageEnabled=true, browserName=chrome, takesScreenshot=true, javascriptEnabled=true, cssSelectorsEnabled=true, setWindowRect=true, unexpectedAlertBehaviour=}]
Session ID: 0cf4a73216b696ec55097d0d80db6de4">
      <![CDATA[org.openqa.selenium.WebDriverException: unknown error: Element <a class="search-result-item city" href="/my-location/1172451/">...</a> is not clickable at point (459, 80). Other element would receive the click: <div id="at-expanded-menu-hd" class="at-expanded-menu-hd" data-reactid=".0.2.0">...</div>
  (Session info: chrome=62.0.3202.94)
  (Driver info: chromedriver=2.33.506120 (e3e53437346286c0bc2d2dc9aa4915ba81d9023f),platform=Windows NT 10.0.16299 x86_64) (WARNING: The server did not provide any stacktrace information)
Command duration or timeout: 51 milliseconds
Build info: version: '2.43.1', revision: '5163bceef1bc36d43f3dc0b83c88998168a363a0', time: '2014-09-10 09:43:55'
System info: host: 'NaeemSiddiq', ip: '192.168.10.200', os.name: 'Windows 10', os.arch: 'amd64', os.version: '10.0', java.version: '1.8.0_144'
Driver info: org.openqa.selenium.chrome.ChromeDriver
Capabilities [{applicationCacheEnabled=false, rotatable=false, mobileEmulationEnabled=false, networkConnectionEnabled=false, chrome={chromedriverVersion=2.33.506120 (e3e53437346286c0bc2d2dc9aa4915ba81d9023f), userDataDir=C:\Users\Sakhi\AppData\Local\Temp\scoped_dir8516_27834}, takesHeapSnapshot=true, pageLoadStrategy=normal, databaseEnabled=false, handlesAlerts=true, hasTouchScreen=false, version=62.0.3202.94, platform=XP, browserConnectionEnabled=false, nativeEvents=true, acceptSslCerts=true, locationContextEnabled=true, webStorageEnabled=true, browserName=chrome, takesScreenshot=true, javascriptEnabled=true, cssSelectorsEnabled=true, setWindowRect=true, unexpectedAlertBehaviour=}]
Session ID: 0cf4a73216b696ec55097d0d80db6de4
	at org.openqa.selenium.remote.ErrorHandler.createThrowable(ErrorHandler.java:204)
	at org.openqa.selenium.remote.ErrorHandler.throwIfResponseFailed(ErrorHandler.java:156)
	at org.openqa.selenium.remote.RemoteWebDriver.execute(RemoteWebDriver.java:599)
	at org.openqa.selenium.remote.RemoteWebElement.execute(RemoteWebElement.java:268)
	at org.openqa.selenium.remote.RemoteWebElement.click(RemoteWebElement.java:79)
	at com.vdif.webautomation.homepage.HomePageComponent.searchTopNavBar(HomePageComponent.java:41)
	at com.vdif.webautomation.prayertimes.TestPrayersTimesPage.testWeeklyMonthlyYearlyCardOnPrayerTimesPage(TestPrayersTimesPage.java:186)
... Removed 29 stack frames]]>
    </failure>
  </testcase> <!-- testWeeklyMonthlyYearlyCardOnPrayerTimesPage -->
</testsuite> <!-- Prayers Times Page -->
