<?xml version="1.0" encoding="UTF-8"?>
<!-- Generated by org.testng.reporters.JUnitXMLReporter -->
<testsuite hostname="NaeemSiddiq" ignored="0" name="Special Islamic Days Page" tests="7" failures="2" timestamp="06 Dec 2017 08:41:58 GMT" time="205.763" errors="0">
  <testcase name="testAllIslamicEventsCardOnSpecialIslamicDays" time="30.44" classname="com.vdif.webautomation.specialislamicdays.TestSpecialIslamicDays">
    <skipped/>
  </testcase> <!-- testAllIslamicEventsCardOnSpecialIslamicDays -->
  <testcase name="testAllIslamicEventsCardOnSpecialIslamicDays" time="16.877" classname="com.vdif.webautomation.specialislamicdays.TestSpecialIslamicDays">
    <skipped/>
  </testcase> <!-- testAllIslamicEventsCardOnSpecialIslamicDays -->
  <testcase name="testAllIslamicEventsCardOnSpecialIslamicDays" time="16.323" classname="com.vdif.webautomation.specialislamicdays.TestSpecialIslamicDays">
    <failure type="org.openqa.selenium.NoSuchElementException" message="no such element: Unable to locate element: {&amp;quot;method&amp;quot;:&amp;quot;link text&amp;quot;,&amp;quot;selector&amp;quot;:&amp;quot;Ramadan 2018&amp;quot;}
  (Session info: chrome=62.0.3202.94)
  (Driver info: chromedriver=2.33.506120 (e3e53437346286c0bc2d2dc9aa4915ba81d9023f),platform=Windows NT 10.0.16299 x86_64) (WARNING: The server did not provide any stacktrace information)
Command duration or timeout: 5.07 seconds
For documentation on this error, please visit: http://seleniumhq.org/exceptions/no_such_element.html
Build info: version: &amp;apos;2.43.1&amp;apos;, revision: &amp;apos;5163bceef1bc36d43f3dc0b83c88998168a363a0&amp;apos;, time: &amp;apos;2014-09-10 09:43:55&amp;apos;
System info: host: &amp;apos;NaeemSiddiq&amp;apos;, ip: &amp;apos;192.168.10.200&amp;apos;, os.name: &amp;apos;Windows 10&amp;apos;, os.arch: &amp;apos;amd64&amp;apos;, os.version: &amp;apos;10.0&amp;apos;, java.version: &amp;apos;1.8.0_144&amp;apos;
Driver info: org.openqa.selenium.chrome.ChromeDriver
Capabilities [{applicationCacheEnabled=false, rotatable=false, mobileEmulationEnabled=false, networkConnectionEnabled=false, chrome={chromedriverVersion=2.33.506120 (e3e53437346286c0bc2d2dc9aa4915ba81d9023f), userDataDir=C:\Users\Sakhi\AppData\Local\Temp\scoped_dir14100_27250}, takesHeapSnapshot=true, pageLoadStrategy=normal, databaseEnabled=false, handlesAlerts=true, hasTouchScreen=false, version=62.0.3202.94, platform=XP, browserConnectionEnabled=false, nativeEvents=true, acceptSslCerts=true, locationContextEnabled=true, webStorageEnabled=true, browserName=chrome, takesScreenshot=true, javascriptEnabled=true, cssSelectorsEnabled=true, setWindowRect=true, unexpectedAlertBehaviour=}]
Session ID: 0aa43a1a5a96d2a17d3cb1b894ef97e7">
      <![CDATA[org.openqa.selenium.NoSuchElementException: no such element: Unable to locate element: {"method":"link text","selector":"Ramadan 2018"}
  (Session info: chrome=62.0.3202.94)
  (Driver info: chromedriver=2.33.506120 (e3e53437346286c0bc2d2dc9aa4915ba81d9023f),platform=Windows NT 10.0.16299 x86_64) (WARNING: The server did not provide any stacktrace information)
Command duration or timeout: 5.07 seconds
For documentation on this error, please visit: http://seleniumhq.org/exceptions/no_such_element.html
Build info: version: '2.43.1', revision: '5163bceef1bc36d43f3dc0b83c88998168a363a0', time: '2014-09-10 09:43:55'
System info: host: 'NaeemSiddiq', ip: '192.168.10.200', os.name: 'Windows 10', os.arch: 'amd64', os.version: '10.0', java.version: '1.8.0_144'
Driver info: org.openqa.selenium.chrome.ChromeDriver
Capabilities [{applicationCacheEnabled=false, rotatable=false, mobileEmulationEnabled=false, networkConnectionEnabled=false, chrome={chromedriverVersion=2.33.506120 (e3e53437346286c0bc2d2dc9aa4915ba81d9023f), userDataDir=C:\Users\Sakhi\AppData\Local\Temp\scoped_dir14100_27250}, takesHeapSnapshot=true, pageLoadStrategy=normal, databaseEnabled=false, handlesAlerts=true, hasTouchScreen=false, version=62.0.3202.94, platform=XP, browserConnectionEnabled=false, nativeEvents=true, acceptSslCerts=true, locationContextEnabled=true, webStorageEnabled=true, browserName=chrome, takesScreenshot=true, javascriptEnabled=true, cssSelectorsEnabled=true, setWindowRect=true, unexpectedAlertBehaviour=}]
Session ID: 0aa43a1a5a96d2a17d3cb1b894ef97e7
	at org.openqa.selenium.remote.ErrorHandler.createThrowable(ErrorHandler.java:204)
	at org.openqa.selenium.remote.ErrorHandler.throwIfResponseFailed(ErrorHandler.java:156)
	at org.openqa.selenium.remote.RemoteWebDriver.execute(RemoteWebDriver.java:599)
	at org.openqa.selenium.remote.RemoteWebDriver.findElement(RemoteWebDriver.java:352)
	at org.openqa.selenium.remote.RemoteWebDriver.findElementByLinkText(RemoteWebDriver.java:401)
	at org.openqa.selenium.By$ByLinkText.findElement(By.java:242)
	at org.openqa.selenium.remote.RemoteWebDriver.findElement(RemoteWebDriver.java:344)
	at com.vdif.webautomation.specialislamicdays.SpecialIslamicDaysComponent.clickOnIslamicDayFromList(SpecialIslamicDaysComponent.java:73)
	at com.vdif.webautomation.specialislamicdays.SpecialIslamicDaysComponent.clickListOfAllIslamicEvents(SpecialIslamicDaysComponent.java:93)
	at com.vdif.webautomation.specialislamicdays.TestSpecialIslamicDays.testAllIslamicEventsCardOnSpecialIslamicDays(TestSpecialIslamicDays.java:95)
... Removed 28 stack frames]]>
    </failure>
  </testcase> <!-- testAllIslamicEventsCardOnSpecialIslamicDays -->
  <testcase name="testSpecialIslamicDaysCardOnSpecialIslamicDays" time="28.342" classname="com.vdif.webautomation.specialislamicdays.TestSpecialIslamicDays">
    <skipped/>
  </testcase> <!-- testSpecialIslamicDaysCardOnSpecialIslamicDays -->
  <testcase name="testSpecialIslamicDaysCardOnSpecialIslamicDays" time="31.183" classname="com.vdif.webautomation.specialislamicdays.TestSpecialIslamicDays">
    <skipped/>
  </testcase> <!-- testSpecialIslamicDaysCardOnSpecialIslamicDays -->
  <testcase name="testSpecialIslamicDaysCardOnSpecialIslamicDays" time="27.325" classname="com.vdif.webautomation.specialislamicdays.TestSpecialIslamicDays">
    <failure type="org.openqa.selenium.NoSuchElementException" message="no such element: Unable to locate element: {&amp;quot;method&amp;quot;:&amp;quot;link text&amp;quot;,&amp;quot;selector&amp;quot;:&amp;quot;Laylatul Qadr&amp;quot;}
  (Session info: chrome=62.0.3202.94)
  (Driver info: chromedriver=2.33.506120 (e3e53437346286c0bc2d2dc9aa4915ba81d9023f),platform=Windows NT 10.0.16299 x86_64) (WARNING: The server did not provide any stacktrace information)
Command duration or timeout: 5.07 seconds
For documentation on this error, please visit: http://seleniumhq.org/exceptions/no_such_element.html
Build info: version: &amp;apos;2.43.1&amp;apos;, revision: &amp;apos;5163bceef1bc36d43f3dc0b83c88998168a363a0&amp;apos;, time: &amp;apos;2014-09-10 09:43:55&amp;apos;
System info: host: &amp;apos;NaeemSiddiq&amp;apos;, ip: &amp;apos;192.168.10.200&amp;apos;, os.name: &amp;apos;Windows 10&amp;apos;, os.arch: &amp;apos;amd64&amp;apos;, os.version: &amp;apos;10.0&amp;apos;, java.version: &amp;apos;1.8.0_144&amp;apos;
Driver info: org.openqa.selenium.chrome.ChromeDriver
Capabilities [{applicationCacheEnabled=false, rotatable=false, mobileEmulationEnabled=false, networkConnectionEnabled=false, chrome={chromedriverVersion=2.33.506120 (e3e53437346286c0bc2d2dc9aa4915ba81d9023f), userDataDir=C:\Users\Sakhi\AppData\Local\Temp\scoped_dir14100_27250}, takesHeapSnapshot=true, pageLoadStrategy=normal, databaseEnabled=false, handlesAlerts=true, hasTouchScreen=false, version=62.0.3202.94, platform=XP, browserConnectionEnabled=false, nativeEvents=true, acceptSslCerts=true, locationContextEnabled=true, webStorageEnabled=true, browserName=chrome, takesScreenshot=true, javascriptEnabled=true, cssSelectorsEnabled=true, setWindowRect=true, unexpectedAlertBehaviour=}]
Session ID: 0aa43a1a5a96d2a17d3cb1b894ef97e7">
      <![CDATA[org.openqa.selenium.NoSuchElementException: no such element: Unable to locate element: {"method":"link text","selector":"Laylatul Qadr"}
  (Session info: chrome=62.0.3202.94)
  (Driver info: chromedriver=2.33.506120 (e3e53437346286c0bc2d2dc9aa4915ba81d9023f),platform=Windows NT 10.0.16299 x86_64) (WARNING: The server did not provide any stacktrace information)
Command duration or timeout: 5.07 seconds
For documentation on this error, please visit: http://seleniumhq.org/exceptions/no_such_element.html
Build info: version: '2.43.1', revision: '5163bceef1bc36d43f3dc0b83c88998168a363a0', time: '2014-09-10 09:43:55'
System info: host: 'NaeemSiddiq', ip: '192.168.10.200', os.name: 'Windows 10', os.arch: 'amd64', os.version: '10.0', java.version: '1.8.0_144'
Driver info: org.openqa.selenium.chrome.ChromeDriver
Capabilities [{applicationCacheEnabled=false, rotatable=false, mobileEmulationEnabled=false, networkConnectionEnabled=false, chrome={chromedriverVersion=2.33.506120 (e3e53437346286c0bc2d2dc9aa4915ba81d9023f), userDataDir=C:\Users\Sakhi\AppData\Local\Temp\scoped_dir14100_27250}, takesHeapSnapshot=true, pageLoadStrategy=normal, databaseEnabled=false, handlesAlerts=true, hasTouchScreen=false, version=62.0.3202.94, platform=XP, browserConnectionEnabled=false, nativeEvents=true, acceptSslCerts=true, locationContextEnabled=true, webStorageEnabled=true, browserName=chrome, takesScreenshot=true, javascriptEnabled=true, cssSelectorsEnabled=true, setWindowRect=true, unexpectedAlertBehaviour=}]
Session ID: 0aa43a1a5a96d2a17d3cb1b894ef97e7
	at org.openqa.selenium.remote.ErrorHandler.createThrowable(ErrorHandler.java:204)
	at org.openqa.selenium.remote.ErrorHandler.throwIfResponseFailed(ErrorHandler.java:156)
	at org.openqa.selenium.remote.RemoteWebDriver.execute(RemoteWebDriver.java:599)
	at org.openqa.selenium.remote.RemoteWebDriver.findElement(RemoteWebDriver.java:352)
	at org.openqa.selenium.remote.RemoteWebDriver.findElementByLinkText(RemoteWebDriver.java:401)
	at org.openqa.selenium.By$ByLinkText.findElement(By.java:242)
	at org.openqa.selenium.remote.RemoteWebDriver.findElement(RemoteWebDriver.java:344)
	at com.vdif.webautomation.specialislamicdays.SpecialIslamicDaysComponent.clickOnIslamicDayFromList(SpecialIslamicDaysComponent.java:73)
	at com.vdif.webautomation.specialislamicdays.SpecialIslamicDaysComponent.clickListOfSpecialIslamicDays(SpecialIslamicDaysComponent.java:67)
	at com.vdif.webautomation.specialislamicdays.TestSpecialIslamicDays.testSpecialIslamicDaysCardOnSpecialIslamicDays(TestSpecialIslamicDays.java:79)
... Removed 28 stack frames]]>
    </failure>
  </testcase> <!-- testSpecialIslamicDaysCardOnSpecialIslamicDays -->
  <testcase name="testUpcomingEventsCardOnSpecialIslamicDaysPage" time="49.512" classname="com.vdif.webautomation.specialislamicdays.TestSpecialIslamicDays"/>
</testsuite> <!-- Special Islamic Days Page -->
