<?xml version="1.0" encoding="UTF-8"?>
<!-- Generated by org.testng.reporters.JUnitReportReporter -->
<testsuite skipped="4" hostname="NaeemSiddiq" name="com.vdif.webautomation.alquran.TestAlQuranPage" tests="8" failures="2" timestamp="06 Dec 2017 09:06:29 GMT" time="1003.903" errors="0">
  <testcase name="testTopicsListsOnAlQuranPage" time="4.227" classname="com.vdif.webautomation.alquran.TestAlQuranPage">
    <failure type="java.lang.AssertionError" message="expected [Read Quranic Verses about Aaron (Haroon)] but found [Error 404]">
      <![CDATA[java.lang.AssertionError: expected [Read Quranic Verses about Aaron (Haroon)] but found [Error 404]
	at org.testng.Assert.fail(Assert.java:93)
	at org.testng.Assert.failNotEquals(Assert.java:512)
	at org.testng.Assert.assertEqualsImpl(Assert.java:134)
	at org.testng.Assert.assertEquals(Assert.java:115)
	at org.testng.Assert.assertEquals(Assert.java:189)
	at org.testng.Assert.assertEquals(Assert.java:199)
	at com.vdif.webautomation.alquran.AlQuranPageComponent.checkTopicsListAlQuranPage(AlQuranPageComponent.java:681)
	at com.vdif.webautomation.alquran.TestAlQuranPage.testTopicsListsOnAlQuranPage(TestAlQuranPage.java:80)
	at sun.reflect.NativeMethodAccessorImpl.invoke0(Native Method)
	at sun.reflect.NativeMethodAccessorImpl.invoke(Unknown Source)
	at sun.reflect.DelegatingMethodAccessorImpl.invoke(Unknown Source)
	at java.lang.reflect.Method.invoke(Unknown Source)
	at org.testng.internal.MethodInvocationHelper.invokeMethod(MethodInvocationHelper.java:108)
	at org.testng.internal.Invoker.invokeMethod(Invoker.java:669)
	at org.testng.internal.Invoker.retryFailed(Invoker.java:1022)
	at org.testng.internal.Invoker.invokeTestMethods(Invoker.java:1223)
	at org.testng.internal.TestMethodWorker.invokeTestMethods(TestMethodWorker.java:125)
	at org.testng.internal.TestMethodWorker.run(TestMethodWorker.java:109)
	at org.testng.TestRunner.privateRun(TestRunner.java:776)
	at org.testng.TestRunner.run(TestRunner.java:634)
	at org.testng.SuiteRunner.runTest(SuiteRunner.java:425)
	at org.testng.SuiteRunner.runSequentially(SuiteRunner.java:420)
	at org.testng.SuiteRunner.privateRun(SuiteRunner.java:385)
	at org.testng.SuiteRunner.run(SuiteRunner.java:334)
	at org.testng.SuiteRunnerWorker.runSuite(SuiteRunnerWorker.java:52)
	at org.testng.SuiteRunnerWorker.run(SuiteRunnerWorker.java:86)
	at org.testng.TestNG.runSuitesSequentially(TestNG.java:1318)
	at org.testng.TestNG.runSuitesLocally(TestNG.java:1243)
	at org.testng.TestNG.runSuites(TestNG.java:1161)
	at org.testng.TestNG.run(TestNG.java:1129)
	at org.testng.remote.AbstractRemoteTestNG.run(AbstractRemoteTestNG.java:114)
	at org.testng.remote.RemoteTestNG.initAndRun(RemoteTestNG.java:251)
	at org.testng.remote.RemoteTestNG.main(RemoteTestNG.java:77)
]]>
    </failure>
  </testcase> <!-- testTopicsListsOnAlQuranPage -->
  <testcase name="testTopicsListsOnAlQuranPage" time="5.384" classname="com.vdif.webautomation.alquran.TestAlQuranPage">
    <skipped/>
  </testcase> <!-- testTopicsListsOnAlQuranPage -->
  <testcase name="testJuzListsOnAlQuranPage" time="16.192" classname="com.vdif.webautomation.alquran.TestAlQuranPage">
    <skipped/>
  </testcase> <!-- testJuzListsOnAlQuranPage -->
  <testcase name="testTopicsListsOnAlQuranPage" time="3.422" classname="com.vdif.webautomation.alquran.TestAlQuranPage">
    <skipped/>
  </testcase> <!-- testTopicsListsOnAlQuranPage -->
  <testcase name="testJuzListsOnAlQuranPage" time="3.964" classname="com.vdif.webautomation.alquran.TestAlQuranPage">
    <skipped/>
  </testcase> <!-- testJuzListsOnAlQuranPage -->
  <testcase name="testJuzListsOnAlQuranPage" time="3.754" classname="com.vdif.webautomation.alquran.TestAlQuranPage">
    <failure type="java.lang.AssertionError" message="expected [Read Surah Fatiha with Arabic translation by King Fahad Quran Complex] but found [Read Surah Fatiha with Urdu translation by Fateh Muhammad Jalandhry]">
      <![CDATA[java.lang.AssertionError: expected [Read Surah Fatiha with Arabic translation by King Fahad Quran Complex] but found [Read Surah Fatiha with Urdu translation by Fateh Muhammad Jalandhry]
	at org.testng.Assert.fail(Assert.java:93)
	at org.testng.Assert.failNotEquals(Assert.java:512)
	at org.testng.Assert.assertEqualsImpl(Assert.java:134)
	at org.testng.Assert.assertEquals(Assert.java:115)
	at org.testng.Assert.assertEquals(Assert.java:189)
	at org.testng.Assert.assertEquals(Assert.java:199)
	at com.vdif.webautomation.alquran.AlQuranPageComponent.checkJuzListAlQuranPage(AlQuranPageComponent.java:303)
	at com.vdif.webautomation.alquran.TestAlQuranPage.testJuzListsOnAlQuranPage(TestAlQuranPage.java:56)
	at sun.reflect.NativeMethodAccessorImpl.invoke0(Native Method)
	at sun.reflect.NativeMethodAccessorImpl.invoke(Unknown Source)
	at sun.reflect.DelegatingMethodAccessorImpl.invoke(Unknown Source)
	at java.lang.reflect.Method.invoke(Unknown Source)
	at org.testng.internal.MethodInvocationHelper.invokeMethod(MethodInvocationHelper.java:108)
	at org.testng.internal.Invoker.invokeMethod(Invoker.java:669)
	at org.testng.internal.Invoker.retryFailed(Invoker.java:1022)
	at org.testng.internal.Invoker.invokeTestMethods(Invoker.java:1223)
	at org.testng.internal.TestMethodWorker.invokeTestMethods(TestMethodWorker.java:125)
	at org.testng.internal.TestMethodWorker.run(TestMethodWorker.java:109)
	at org.testng.TestRunner.privateRun(TestRunner.java:776)
	at org.testng.TestRunner.run(TestRunner.java:634)
	at org.testng.SuiteRunner.runTest(SuiteRunner.java:425)
	at org.testng.SuiteRunner.runSequentially(SuiteRunner.java:420)
	at org.testng.SuiteRunner.privateRun(SuiteRunner.java:385)
	at org.testng.SuiteRunner.run(SuiteRunner.java:334)
	at org.testng.SuiteRunnerWorker.runSuite(SuiteRunnerWorker.java:52)
	at org.testng.SuiteRunnerWorker.run(SuiteRunnerWorker.java:86)
	at org.testng.TestNG.runSuitesSequentially(TestNG.java:1318)
	at org.testng.TestNG.runSuitesLocally(TestNG.java:1243)
	at org.testng.TestNG.runSuites(TestNG.java:1161)
	at org.testng.TestNG.run(TestNG.java:1129)
	at org.testng.remote.AbstractRemoteTestNG.run(AbstractRemoteTestNG.java:114)
	at org.testng.remote.RemoteTestNG.initAndRun(RemoteTestNG.java:251)
	at org.testng.remote.RemoteTestNG.main(RemoteTestNG.java:77)
]]>
    </failure>
  </testcase> <!-- testJuzListsOnAlQuranPage -->
  <testcase name="testSurahListsOnAlQuranPage" time="470.752" classname="com.vdif.webautomation.alquran.TestAlQuranPage"/>
  <testcase name="testTranslationsListsOnAlQuranPage" time="496.208" classname="com.vdif.webautomation.alquran.TestAlQuranPage"/>
</testsuite> <!-- com.vdif.webautomation.alquran.TestAlQuranPage -->
