<?xml version="1.0" encoding="UTF-8"?>
<!-- Generated by org.testng.reporters.JUnitReportReporter -->
<testsuite skipped="4" hostname="NaeemSiddiq" name="com.vdif.webautomation.prayertimes.TestPrayersTimesPage" tests="15" failures="0" timestamp="06 Dec 2017 09:06:29 GMT" time="462.507" errors="2">
  <testcase name="testWeeklyMonthlyYearlyCardOnPrayerTimesPage" time="1.203" classname="com.vdif.webautomation.prayertimes.TestPrayersTimesPage">
    <skipped/>
  </testcase> <!-- testWeeklyMonthlyYearlyCardOnPrayerTimesPage -->
  <testcase name="testPopularSurahAndVersesCardOnPrayerTimesPage" time="47.951" classname="com.vdif.webautomation.prayertimes.TestPrayersTimesPage"/>
  <testcase name="testPrayerTimesInOtherCitiesCardOnPrayerTimesPage" time="29.159" classname="com.vdif.webautomation.prayertimes.TestPrayersTimesPage"/>
  <testcase name="testArticlesOnIqraCardOnPrayerTimesPage" time="85.096" classname="com.vdif.webautomation.prayertimes.TestPrayersTimesPage"/>
  <testcase name="testWeeklyMonthlyYearlyCardOnPrayerTimesPage" time="1.511" classname="com.vdif.webautomation.prayertimes.TestPrayersTimesPage">
    <skipped/>
  </testcase> <!-- testWeeklyMonthlyYearlyCardOnPrayerTimesPage -->
  <testcase name="testVerseOfTheDayCardOnPrayerTimesPage" time="3.587" classname="com.vdif.webautomation.prayertimes.TestPrayersTimesPage">
    <error type="org.openqa.selenium.WebDriverException" message="unknown error: Element &lt;a class=&quot;search-result-item city&quot; href=&quot;/my-location/1172451/&quot;&gt;...&lt;/a&gt; is not clickable at point (459, 80). Other element would receive the click: &lt;div id=&quot;at-expanded-menu-hd&quot; class=&quot;at-expanded-menu-hd&quot; data-reactid=&quot;.0.2.0&quot;&gt;...&lt;/div&gt;
  (Session info: chrome=62.0.3202.94)
  (Driver info: chromedriver=2.33.506120 (e3e53437346286c0bc2d2dc9aa4915ba81d9023f),platform=Windows NT 10.0.16299 x86_64) (WARNING: The server did not provide any stacktrace information)
Command duration or timeout: 70 milliseconds
Build info: version: &#039;2.43.1&#039;, revision: &#039;5163bceef1bc36d43f3dc0b83c88998168a363a0&#039;, time: &#039;2014-09-10 09:43:55&#039;
System info: host: &#039;NaeemSiddiq&#039;, ip: &#039;192.168.10.200&#039;, os.name: &#039;Windows 10&#039;, os.arch: &#039;amd64&#039;, os.version: &#039;10.0&#039;, java.version: &#039;1.8.0_144&#039;
Driver info: org.openqa.selenium.chrome.ChromeDriver
Capabilities [{applicationCacheEnabled=false, rotatable=false, mobileEmulationEnabled=false, networkConnectionEnabled=false, chrome={chromedriverVersion=2.33.506120 (e3e53437346286c0bc2d2dc9aa4915ba81d9023f), userDataDir=C:\Users\Sakhi\AppData\Local\Temp\scoped_dir8516_27834}, takesHeapSnapshot=true, pageLoadStrategy=normal, databaseEnabled=false, handlesAlerts=true, hasTouchScreen=false, version=62.0.3202.94, platform=XP, browserConnectionEnabled=false, nativeEvents=true, acceptSslCerts=true, locationContextEnabled=true, webStorageEnabled=true, browserName=chrome, takesScreenshot=true, javascriptEnabled=true, cssSelectorsEnabled=true, setWindowRect=true, unexpectedAlertBehaviour=}]
Session ID: 0cf4a73216b696ec55097d0d80db6de4">
      <![CDATA[org.openqa.selenium.WebDriverException: unknown error: Element <a class="search-result-item city" href="/my-location/1172451/">...</a> is not clickable at point (459, 80). Other element would receive the click: <div id="at-expanded-menu-hd" class="at-expanded-menu-hd" data-reactid=".0.2.0">...</div>
  (Session info: chrome=62.0.3202.94)
  (Driver info: chromedriver=2.33.506120 (e3e53437346286c0bc2d2dc9aa4915ba81d9023f),platform=Windows NT 10.0.16299 x86_64) (WARNING: The server did not provide any stacktrace information)
Command duration or timeout: 70 milliseconds
Build info: version: '2.43.1', revision: '5163bceef1bc36d43f3dc0b83c88998168a363a0', time: '2014-09-10 09:43:55'
System info: host: 'NaeemSiddiq', ip: '192.168.10.200', os.name: 'Windows 10', os.arch: 'amd64', os.version: '10.0', java.version: '1.8.0_144'
Driver info: org.openqa.selenium.chrome.ChromeDriver
Capabilities [{applicationCacheEnabled=false, rotatable=false, mobileEmulationEnabled=false, networkConnectionEnabled=false, chrome={chromedriverVersion=2.33.506120 (e3e53437346286c0bc2d2dc9aa4915ba81d9023f), userDataDir=C:\Users\Sakhi\AppData\Local\Temp\scoped_dir8516_27834}, takesHeapSnapshot=true, pageLoadStrategy=normal, databaseEnabled=false, handlesAlerts=true, hasTouchScreen=false, version=62.0.3202.94, platform=XP, browserConnectionEnabled=false, nativeEvents=true, acceptSslCerts=true, locationContextEnabled=true, webStorageEnabled=true, browserName=chrome, takesScreenshot=true, javascriptEnabled=true, cssSelectorsEnabled=true, setWindowRect=true, unexpectedAlertBehaviour=}]
Session ID: 0cf4a73216b696ec55097d0d80db6de4
	at sun.reflect.NativeConstructorAccessorImpl.newInstance0(Native Method)
	at sun.reflect.NativeConstructorAccessorImpl.newInstance(Unknown Source)
	at sun.reflect.DelegatingConstructorAccessorImpl.newInstance(Unknown Source)
	at java.lang.reflect.Constructor.newInstance(Unknown Source)
	at org.openqa.selenium.remote.ErrorHandler.createThrowable(ErrorHandler.java:204)
	at org.openqa.selenium.remote.ErrorHandler.throwIfResponseFailed(ErrorHandler.java:156)
	at org.openqa.selenium.remote.RemoteWebDriver.execute(RemoteWebDriver.java:599)
	at org.openqa.selenium.remote.RemoteWebElement.execute(RemoteWebElement.java:268)
	at org.openqa.selenium.remote.RemoteWebElement.click(RemoteWebElement.java:79)
	at com.vdif.webautomation.homepage.HomePageComponent.searchTopNavBar(HomePageComponent.java:41)
	at com.vdif.webautomation.prayertimes.TestPrayersTimesPage.testVerseOfTheDayCardOnPrayerTimesPage(TestPrayersTimesPage.java:80)
	at sun.reflect.NativeMethodAccessorImpl.invoke0(Native Method)
	at sun.reflect.NativeMethodAccessorImpl.invoke(Unknown Source)
	at sun.reflect.DelegatingMethodAccessorImpl.invoke(Unknown Source)
	at java.lang.reflect.Method.invoke(Unknown Source)
	at org.testng.internal.MethodInvocationHelper.invokeMethod(MethodInvocationHelper.java:108)
	at org.testng.internal.Invoker.invokeMethod(Invoker.java:669)
	at org.testng.internal.Invoker.retryFailed(Invoker.java:1022)
	at org.testng.internal.Invoker.invokeTestMethods(Invoker.java:1223)
	at org.testng.internal.TestMethodWorker.invokeTestMethods(TestMethodWorker.java:125)
	at org.testng.internal.TestMethodWorker.run(TestMethodWorker.java:109)
	at org.testng.TestRunner.privateRun(TestRunner.java:776)
	at org.testng.TestRunner.run(TestRunner.java:634)
	at org.testng.SuiteRunner.runTest(SuiteRunner.java:425)
	at org.testng.SuiteRunner.runSequentially(SuiteRunner.java:420)
	at org.testng.SuiteRunner.privateRun(SuiteRunner.java:385)
	at org.testng.SuiteRunner.run(SuiteRunner.java:334)
	at org.testng.SuiteRunnerWorker.runSuite(SuiteRunnerWorker.java:52)
	at org.testng.SuiteRunnerWorker.run(SuiteRunnerWorker.java:86)
	at org.testng.TestNG.runSuitesSequentially(TestNG.java:1318)
	at org.testng.TestNG.runSuitesLocally(TestNG.java:1243)
	at org.testng.TestNG.runSuites(TestNG.java:1161)
	at org.testng.TestNG.run(TestNG.java:1129)
	at org.testng.remote.AbstractRemoteTestNG.run(AbstractRemoteTestNG.java:114)
	at org.testng.remote.RemoteTestNG.initAndRun(RemoteTestNG.java:251)
	at org.testng.remote.RemoteTestNG.main(RemoteTestNG.java:77)
]]>
    </error>
  </testcase> <!-- testVerseOfTheDayCardOnPrayerTimesPage -->
  <testcase name="testVerseOfTheDayCardOnPrayerTimesPage" time="2.389" classname="com.vdif.webautomation.prayertimes.TestPrayersTimesPage">
    <skipped/>
  </testcase> <!-- testVerseOfTheDayCardOnPrayerTimesPage -->
  <testcase name="testMosquesInThisCityCardOnPrayerTimesPage" time="23.168" classname="com.vdif.webautomation.prayertimes.TestPrayersTimesPage"/>
  <testcase name="testPrayerTimesCardOnPayerTimesPage" time="22.974" classname="com.vdif.webautomation.prayertimes.TestPrayersTimesPage"/>
  <testcase name="testWeeklyMonthlyYearlyCardOnPrayerTimesPage" time="1.326" classname="com.vdif.webautomation.prayertimes.TestPrayersTimesPage">
    <error type="org.openqa.selenium.WebDriverException" message="unknown error: Element &lt;a class=&quot;search-result-item city&quot; href=&quot;/my-location/1172451/&quot;&gt;...&lt;/a&gt; is not clickable at point (459, 80). Other element would receive the click: &lt;div id=&quot;at-expanded-menu-hd&quot; class=&quot;at-expanded-menu-hd&quot; data-reactid=&quot;.0.2.0&quot;&gt;...&lt;/div&gt;
  (Session info: chrome=62.0.3202.94)
  (Driver info: chromedriver=2.33.506120 (e3e53437346286c0bc2d2dc9aa4915ba81d9023f),platform=Windows NT 10.0.16299 x86_64) (WARNING: The server did not provide any stacktrace information)
Command duration or timeout: 51 milliseconds
Build info: version: &#039;2.43.1&#039;, revision: &#039;5163bceef1bc36d43f3dc0b83c88998168a363a0&#039;, time: &#039;2014-09-10 09:43:55&#039;
System info: host: &#039;NaeemSiddiq&#039;, ip: &#039;192.168.10.200&#039;, os.name: &#039;Windows 10&#039;, os.arch: &#039;amd64&#039;, os.version: &#039;10.0&#039;, java.version: &#039;1.8.0_144&#039;
Driver info: org.openqa.selenium.chrome.ChromeDriver
Capabilities [{applicationCacheEnabled=false, rotatable=false, mobileEmulationEnabled=false, networkConnectionEnabled=false, chrome={chromedriverVersion=2.33.506120 (e3e53437346286c0bc2d2dc9aa4915ba81d9023f), userDataDir=C:\Users\Sakhi\AppData\Local\Temp\scoped_dir8516_27834}, takesHeapSnapshot=true, pageLoadStrategy=normal, databaseEnabled=false, handlesAlerts=true, hasTouchScreen=false, version=62.0.3202.94, platform=XP, browserConnectionEnabled=false, nativeEvents=true, acceptSslCerts=true, locationContextEnabled=true, webStorageEnabled=true, browserName=chrome, takesScreenshot=true, javascriptEnabled=true, cssSelectorsEnabled=true, setWindowRect=true, unexpectedAlertBehaviour=}]
Session ID: 0cf4a73216b696ec55097d0d80db6de4">
      <![CDATA[org.openqa.selenium.WebDriverException: unknown error: Element <a class="search-result-item city" href="/my-location/1172451/">...</a> is not clickable at point (459, 80). Other element would receive the click: <div id="at-expanded-menu-hd" class="at-expanded-menu-hd" data-reactid=".0.2.0">...</div>
  (Session info: chrome=62.0.3202.94)
  (Driver info: chromedriver=2.33.506120 (e3e53437346286c0bc2d2dc9aa4915ba81d9023f),platform=Windows NT 10.0.16299 x86_64) (WARNING: The server did not provide any stacktrace information)
Command duration or timeout: 51 milliseconds
Build info: version: '2.43.1', revision: '5163bceef1bc36d43f3dc0b83c88998168a363a0', time: '2014-09-10 09:43:55'
System info: host: 'NaeemSiddiq', ip: '192.168.10.200', os.name: 'Windows 10', os.arch: 'amd64', os.version: '10.0', java.version: '1.8.0_144'
Driver info: org.openqa.selenium.chrome.ChromeDriver
Capabilities [{applicationCacheEnabled=false, rotatable=false, mobileEmulationEnabled=false, networkConnectionEnabled=false, chrome={chromedriverVersion=2.33.506120 (e3e53437346286c0bc2d2dc9aa4915ba81d9023f), userDataDir=C:\Users\Sakhi\AppData\Local\Temp\scoped_dir8516_27834}, takesHeapSnapshot=true, pageLoadStrategy=normal, databaseEnabled=false, handlesAlerts=true, hasTouchScreen=false, version=62.0.3202.94, platform=XP, browserConnectionEnabled=false, nativeEvents=true, acceptSslCerts=true, locationContextEnabled=true, webStorageEnabled=true, browserName=chrome, takesScreenshot=true, javascriptEnabled=true, cssSelectorsEnabled=true, setWindowRect=true, unexpectedAlertBehaviour=}]
Session ID: 0cf4a73216b696ec55097d0d80db6de4
	at sun.reflect.NativeConstructorAccessorImpl.newInstance0(Native Method)
	at sun.reflect.NativeConstructorAccessorImpl.newInstance(Unknown Source)
	at sun.reflect.DelegatingConstructorAccessorImpl.newInstance(Unknown Source)
	at java.lang.reflect.Constructor.newInstance(Unknown Source)
	at org.openqa.selenium.remote.ErrorHandler.createThrowable(ErrorHandler.java:204)
	at org.openqa.selenium.remote.ErrorHandler.throwIfResponseFailed(ErrorHandler.java:156)
	at org.openqa.selenium.remote.RemoteWebDriver.execute(RemoteWebDriver.java:599)
	at org.openqa.selenium.remote.RemoteWebElement.execute(RemoteWebElement.java:268)
	at org.openqa.selenium.remote.RemoteWebElement.click(RemoteWebElement.java:79)
	at com.vdif.webautomation.homepage.HomePageComponent.searchTopNavBar(HomePageComponent.java:41)
	at com.vdif.webautomation.prayertimes.TestPrayersTimesPage.testWeeklyMonthlyYearlyCardOnPrayerTimesPage(TestPrayersTimesPage.java:186)
	at sun.reflect.NativeMethodAccessorImpl.invoke0(Native Method)
	at sun.reflect.NativeMethodAccessorImpl.invoke(Unknown Source)
	at sun.reflect.DelegatingMethodAccessorImpl.invoke(Unknown Source)
	at java.lang.reflect.Method.invoke(Unknown Source)
	at org.testng.internal.MethodInvocationHelper.invokeMethod(MethodInvocationHelper.java:108)
	at org.testng.internal.Invoker.invokeMethod(Invoker.java:669)
	at org.testng.internal.Invoker.retryFailed(Invoker.java:1022)
	at org.testng.internal.Invoker.invokeTestMethods(Invoker.java:1223)
	at org.testng.internal.TestMethodWorker.invokeTestMethods(TestMethodWorker.java:125)
	at org.testng.internal.TestMethodWorker.run(TestMethodWorker.java:109)
	at org.testng.TestRunner.privateRun(TestRunner.java:776)
	at org.testng.TestRunner.run(TestRunner.java:634)
	at org.testng.SuiteRunner.runTest(SuiteRunner.java:425)
	at org.testng.SuiteRunner.runSequentially(SuiteRunner.java:420)
	at org.testng.SuiteRunner.privateRun(SuiteRunner.java:385)
	at org.testng.SuiteRunner.run(SuiteRunner.java:334)
	at org.testng.SuiteRunnerWorker.runSuite(SuiteRunnerWorker.java:52)
	at org.testng.SuiteRunnerWorker.run(SuiteRunnerWorker.java:86)
	at org.testng.TestNG.runSuitesSequentially(TestNG.java:1318)
	at org.testng.TestNG.runSuitesLocally(TestNG.java:1243)
	at org.testng.TestNG.runSuites(TestNG.java:1161)
	at org.testng.TestNG.run(TestNG.java:1129)
	at org.testng.remote.AbstractRemoteTestNG.run(AbstractRemoteTestNG.java:114)
	at org.testng.remote.RemoteTestNG.initAndRun(RemoteTestNG.java:251)
	at org.testng.remote.RemoteTestNG.main(RemoteTestNG.java:77)
]]>
    </error>
  </testcase> <!-- testWeeklyMonthlyYearlyCardOnPrayerTimesPage -->
  <testcase name="testIslamicGalleryCardOnPrayerTimesPage" time="36.040" classname="com.vdif.webautomation.prayertimes.TestPrayersTimesPage"/>
  <testcase name="testDuaOfTheDayCardOnPrayerTimesPage" time="45.920" classname="com.vdif.webautomation.prayertimes.TestPrayersTimesPage"/>
  <testcase name="testVerseOfTheDayCardOnPrayerTimesPage" time="38.076" classname="com.vdif.webautomation.prayertimes.TestPrayersTimesPage">
    <skipped/>
  </testcase> <!-- testVerseOfTheDayCardOnPrayerTimesPage -->
  <testcase name="testPrayerTimeLahoreCardOnPrayerTimesPage" time="92.278" classname="com.vdif.webautomation.prayertimes.TestPrayersTimesPage"/>
  <testcase name="testSeeYourMonthlyPrayerbookCardOnPrayerTimesPage" time="31.829" classname="com.vdif.webautomation.prayertimes.TestPrayersTimesPage"/>
</testsuite> <!-- com.vdif.webautomation.prayertimes.TestPrayersTimesPage -->
